<beans xmlns="http://www.springframework.org/schema/beans"
	xmlns:context="http://www.springframework.org/schema/context"
	xmlns:xsi="http://www.w3.org/2001/XMLSchema-instance" 
	xmlns:aop="http://www.springframework.org/schema/aop"
	xmlns:jd="http://www.springframework.org/schema/jdbc"
	xsi:schemaLocation="
http://www.springframework.org/schema/beans
http://www.springframework.org/schema/beans/spring-beans.xsd
http://www.springframework.org/schema/context
http://www.springframework.org/schema/context/spring-context.xsd
http://www.springframework.org/schema/aop
http://www.springframework.org/schema/aop/spring-aop.xsd
http://www.springframework.org/schema/jdbc
http://www.springframework.org/schema/jdbc/spring-jdbc.xsd">

	<context:annotation-config />
	<context:component-scan base-package="spring.training" />

	<!-- <bean id="service" class="spring.training.service.SpringBankService" 
		/> -->


	<!-- <aop:aspectj-autoproxy proxy-target-class="true"/> -->

	<!-- <bean id="auditAspect" class="spring.training.aspect.AuditAspect" /> -->

	<jd:embedded-database id="dataSource" type="HSQL">
		<jd:script location="classpath:schema.sql" />
		<jd:script location="classpath:bank-data.sql" />
	</jd:embedded-database>

	<bean id="springJdbcTemplate" class="org.springframework.jdbc.core.JdbcTemplate">
		<property name="dataSource" ref="dataSource" />
	</bean>

</beans>